I tensorflow/stream_executor/dso_loader.cc:128] successfully opened CUDA library libcublas.so.7.5 locally
I tensorflow/stream_executor/dso_loader.cc:128] successfully opened CUDA library libcudnn.so.5 locally
I tensorflow/stream_executor/dso_loader.cc:128] successfully opened CUDA library libcufft.so.7.5 locally
I tensorflow/stream_executor/dso_loader.cc:128] successfully opened CUDA library libcuda.so.1 locally
I tensorflow/stream_executor/dso_loader.cc:128] successfully opened CUDA library libcurand.so.7.5 locally
WARNING:tensorflow:From /home/ubuntu/lm/language_model.py:132 in _backward.: scalar_summary (from tensorflow.python.ops.logging_ops) is deprecated and will be removed after 2016-11-30.
Instructions for updating:
Please switch to tf.summary.scalar. Note that tf.summary.scalar uses the node name instead of the tag. This means that TensorFlow will automatically de-duplicate summary names based on the scope they are created in. Also, passing a tensor or list of tags to a scalar summary op is no longer supported.
WARNING:tensorflow:From /home/ubuntu/lm/language_model.py:133 in _backward.: scalar_summary (from tensorflow.python.ops.logging_ops) is deprecated and will be removed after 2016-11-30.
Instructions for updating:
Please switch to tf.summary.scalar. Note that tf.summary.scalar uses the node name instead of the tag. This means that TensorFlow will automatically de-duplicate summary names based on the scope they are created in. Also, passing a tensor or list of tags to a scalar summary op is no longer supported.
WARNING:tensorflow:From /home/ubuntu/lm/language_model.py:134 in _backward.: scalar_summary (from tensorflow.python.ops.logging_ops) is deprecated and will be removed after 2016-11-30.
Instructions for updating:
Please switch to tf.summary.scalar. Note that tf.summary.scalar uses the node name instead of the tag. This means that TensorFlow will automatically de-duplicate summary names based on the scope they are created in. Also, passing a tensor or list of tags to a scalar summary op is no longer supported.
WARNING:tensorflow:From /home/ubuntu/lm/language_model.py:31 in __init__.: scalar_summary (from tensorflow.python.ops.logging_ops) is deprecated and will be removed after 2016-11-30.
Instructions for updating:
Please switch to tf.summary.scalar. Note that tf.summary.scalar uses the node name instead of the tag. This means that TensorFlow will automatically de-duplicate summary names based on the scope they are created in. Also, passing a tensor or list of tags to a scalar summary op is no longer supported.
WARNING:tensorflow:From /home/ubuntu/lm/language_model.py:40 in __init__.: merge_all_summaries (from tensorflow.python.ops.logging_ops) is deprecated and will be removed after 2016-11-30.
Instructions for updating:
Please switch to tf.summary.merge_all.
WARNING:tensorflow:From /usr/local/lib/python2.7/dist-packages/tensorflow/python/ops/logging_ops.py:264 in merge_all_summaries.: merge_summary (from tensorflow.python.ops.logging_ops) is deprecated and will be removed after 2016-11-30.
Instructions for updating:
Please switch to tf.summary.merge.
WARNING:tensorflow:From /home/ubuntu/lm/run_utils.py:17 in run_train.: all_variables (from tensorflow.python.ops.variables) is deprecated and will be removed after 2017-03-02.
Instructions for updating:
Please use tf.global_variables instead.
WARNING:tensorflow:From /usr/local/lib/python2.7/dist-packages/tensorflow/python/training/supervisor.py:344 in __init__.: __init__ (from tensorflow.python.training.summary_io) is deprecated and will be removed after 2016-11-30.
Instructions for updating:
Please switch to tf.summary.FileWriter. The interface and behavior is the same; this is just a rename.
I tensorflow/stream_executor/cuda/cuda_gpu_executor.cc:937] successful NUMA node read from SysFS had negative value (-1), but there must be at least one NUMA node, so returning NUMA node zero
I tensorflow/core/common_runtime/gpu/gpu_device.cc:885] Found device 0 with properties: 
name: Tesla K80
major: 3 minor: 7 memoryClockRate (GHz) 0.8235
pciBusID 0000:00:0f.0
Total memory: 11.17GiB
Free memory: 11.11GiB
W tensorflow/stream_executor/cuda/cuda_driver.cc:590] creating context when one is currently active; existing: 0x6f39960
I tensorflow/stream_executor/cuda/cuda_gpu_executor.cc:937] successful NUMA node read from SysFS had negative value (-1), but there must be at least one NUMA node, so returning NUMA node zero
I tensorflow/core/common_runtime/gpu/gpu_device.cc:885] Found device 1 with properties: 
name: Tesla K80
major: 3 minor: 7 memoryClockRate (GHz) 0.8235
pciBusID 0000:00:10.0
Total memory: 11.17GiB
Free memory: 11.11GiB
W tensorflow/stream_executor/cuda/cuda_driver.cc:590] creating context when one is currently active; existing: 0x6eba8b0
I tensorflow/stream_executor/cuda/cuda_gpu_executor.cc:937] successful NUMA node read from SysFS had negative value (-1), but there must be at least one NUMA node, so returning NUMA node zero
I tensorflow/core/common_runtime/gpu/gpu_device.cc:885] Found device 2 with properties: 
name: Tesla K80
major: 3 minor: 7 memoryClockRate (GHz) 0.8235
pciBusID 0000:00:11.0
Total memory: 11.17GiB
Free memory: 11.11GiB
W tensorflow/stream_executor/cuda/cuda_driver.cc:590] creating context when one is currently active; existing: 0x6fa8b70
I tensorflow/stream_executor/cuda/cuda_gpu_executor.cc:937] successful NUMA node read from SysFS had negative value (-1), but there must be at least one NUMA node, so returning NUMA node zero
I tensorflow/core/common_runtime/gpu/gpu_device.cc:885] Found device 3 with properties: 
name: Tesla K80
major: 3 minor: 7 memoryClockRate (GHz) 0.8235
pciBusID 0000:00:12.0
Total memory: 11.17GiB
Free memory: 11.11GiB
I tensorflow/core/common_runtime/gpu/gpu_device.cc:906] DMA: 0 1 2 3 
I tensorflow/core/common_runtime/gpu/gpu_device.cc:916] 0:   Y Y Y Y 
I tensorflow/core/common_runtime/gpu/gpu_device.cc:916] 1:   Y Y Y Y 
I tensorflow/core/common_runtime/gpu/gpu_device.cc:916] 2:   Y Y Y Y 
I tensorflow/core/common_runtime/gpu/gpu_device.cc:916] 3:   Y Y Y Y 
I tensorflow/core/common_runtime/gpu/gpu_device.cc:975] Creating TensorFlow device (/gpu:0) -> (device: 0, name: Tesla K80, pci bus id: 0000:00:0f.0)
I tensorflow/core/common_runtime/gpu/gpu_device.cc:975] Creating TensorFlow device (/gpu:1) -> (device: 1, name: Tesla K80, pci bus id: 0000:00:10.0)
I tensorflow/core/common_runtime/gpu/gpu_device.cc:975] Creating TensorFlow device (/gpu:2) -> (device: 2, name: Tesla K80, pci bus id: 0000:00:11.0)
I tensorflow/core/common_runtime/gpu/gpu_device.cc:975] Creating TensorFlow device (/gpu:3) -> (device: 3, name: Tesla K80, pci bus id: 0000:00:12.0)
haibin overriding impl
haibin overriding impl
haibin overriding impl
haibin overriding impl
ALL VARIABLES
model/emb_0:0 (99184, 512) /gpu:0
model/emb_1:0 (99184, 512) /gpu:0
model/emb_2:0 (99184, 512) /gpu:0
model/emb_3:0 (99184, 512) /gpu:0
model/emb_4:0 (99184, 512) /gpu:0
model/emb_5:0 (99184, 512) /gpu:0
model/emb_6:0 (99184, 512) /gpu:0
model/emb_7:0 (99184, 512) /gpu:0
model/lstm_0/LSTMCell/W_0:0 (1024, 8192) /gpu:0
model/lstm_0/LSTMCell/B:0 (8192,) /gpu:0
model/lstm_0/LSTMCell/W_P_0:0 (2048, 512) /gpu:0
model/softmax_w_0:0 (99184, 512) /gpu:0
model/softmax_w_1:0 (99184, 512) /gpu:0
model/softmax_w_2:0 (99184, 512) /gpu:0
model/softmax_w_3:0 (99184, 512) /gpu:0
model/softmax_w_4:0 (99184, 512) /gpu:0
model/softmax_w_5:0 (99184, 512) /gpu:0
model/softmax_w_6:0 (99184, 512) /gpu:0
model/softmax_w_7:0 (99184, 512) /gpu:0
model/softmax_b:0 (793470,) /gpu:0
model/global_step:0 () 
model/model/emb_0/Adagrad:0 (99184, 512) /gpu:0
model/model/emb_1/Adagrad:0 (99184, 512) /gpu:0
model/model/emb_2/Adagrad:0 (99184, 512) /gpu:0
model/model/emb_3/Adagrad:0 (99184, 512) /gpu:0
model/model/emb_4/Adagrad:0 (99184, 512) /gpu:0
model/model/emb_5/Adagrad:0 (99184, 512) /gpu:0
model/model/emb_6/Adagrad:0 (99184, 512) /gpu:0
model/model/emb_7/Adagrad:0 (99184, 512) /gpu:0
model/model/lstm_0/LSTMCell/W_0/Adagrad:0 (1024, 8192) /gpu:0
model/model/lstm_0/LSTMCell/B/Adagrad:0 (8192,) /gpu:0
model/model/lstm_0/LSTMCell/W_P_0/Adagrad:0 (2048, 512) /gpu:0
model/model/softmax_w_0/Adagrad:0 (99184, 512) /gpu:0
model/model/softmax_w_1/Adagrad:0 (99184, 512) /gpu:0
model/model/softmax_w_2/Adagrad:0 (99184, 512) /gpu:0
model/model/softmax_w_3/Adagrad:0 (99184, 512) /gpu:0
model/model/softmax_w_4/Adagrad:0 (99184, 512) /gpu:0
model/model/softmax_w_5/Adagrad:0 (99184, 512) /gpu:0
model/model/softmax_w_6/Adagrad:0 (99184, 512) /gpu:0
model/model/softmax_w_7/Adagrad:0 (99184, 512) /gpu:0
model/model/softmax_b/Adagrad:0 (793470,) /gpu:0
model/lstm_0/LSTMCell/W_0/ExponentialMovingAverage:0 (1024, 8192) /gpu:0
model/lstm_0/LSTMCell/B/ExponentialMovingAverage:0 (8192,) /gpu:0
model/lstm_0/LSTMCell/W_P_0/ExponentialMovingAverage:0 (2048, 512) /gpu:0
TRAINABLE VARIABLES
model/emb_0:0 (99184, 512) /gpu:0
model/emb_1:0 (99184, 512) /gpu:0
model/emb_2:0 (99184, 512) /gpu:0
model/emb_3:0 (99184, 512) /gpu:0
model/emb_4:0 (99184, 512) /gpu:0
model/emb_5:0 (99184, 512) /gpu:0
model/emb_6:0 (99184, 512) /gpu:0
model/emb_7:0 (99184, 512) /gpu:0
model/lstm_0/LSTMCell/W_0:0 (1024, 8192) /gpu:0
model/lstm_0/LSTMCell/B:0 (8192,) /gpu:0
model/lstm_0/LSTMCell/W_P_0:0 (2048, 512) /gpu:0
model/softmax_w_0:0 (99184, 512) /gpu:0
model/softmax_w_1:0 (99184, 512) /gpu:0
model/softmax_w_2:0 (99184, 512) /gpu:0
model/softmax_w_3:0 (99184, 512) /gpu:0
model/softmax_w_4:0 (99184, 512) /gpu:0
model/softmax_w_5:0 (99184, 512) /gpu:0
model/softmax_w_6:0 (99184, 512) /gpu:0
model/softmax_w_7:0 (99184, 512) /gpu:0
model/softmax_b:0 (793470,) /gpu:0
LOCAL VARIABLES
model/model/state_0_0:0 (256, 2560) /gpu:0
model/model_1/state_1_0:0 (256, 2560) /gpu:0
model/model_2/state_2_0:0 (256, 2560) /gpu:0
model/model_3/state_3_0:0 (256, 2560) /gpu:0
haibin: a new epoch just started
Processing file: /home/ubuntu/gbw-30/training-monolingual.tokenized.shuffled/news.en-00022-of-00100
Finished processing!
Iteration 1, time = 4.87s, wps = 4204, train loss = 12.5787
Iteration 2, time = 0.46s, wps = 44752, train loss = 130.4478
Iteration 3, time = 0.43s, wps = 47539, train loss = 40.3527
Iteration 4, time = 0.44s, wps = 46935, train loss = 150.7147
Iteration 5, time = 0.53s, wps = 38603, train loss = 20.0470
Traceback (most recent call last):
  File "single_lm_train.py", line 36, in <module>
    tf.app.run()
  File "/usr/local/lib/python2.7/dist-packages/tensorflow/python/platform/app.py", line 43, in run
    sys.exit(main(sys.argv[:1] + flags_passthrough))
  File "single_lm_train.py", line 26, in main
    run_train(dataset, hps, FLAGS.logdir + "/train", ps_device="/gpu:0")
  File "/home/ubuntu/lm/run_utils.py", line 86, in run_train
    prev_time = cur_time
  File "/usr/lib/python2.7/contextlib.py", line 35, in __exit__
    self.gen.throw(type, value, traceback)
  File "/usr/local/lib/python2.7/dist-packages/tensorflow/python/training/supervisor.py", line 974, in managed_session
    self.stop(close_summary_writer=close_summary_writer)
  File "/usr/local/lib/python2.7/dist-packages/tensorflow/python/training/supervisor.py", line 802, in stop
    stop_grace_period_secs=self._stop_grace_secs)
  File "/usr/local/lib/python2.7/dist-packages/tensorflow/python/training/coordinator.py", line 370, in join
    time.sleep(stop_wait_secs)
KeyboardInterrupt
